<?xml version="1.0" encoding="UTF-8"?>
<!-- Generated by org.testng.reporters.JUnitXMLReporter -->
<testsuite hostname="L-0301" ignored="0" name="Test2.1.4" tests="3" failures="0" timestamp="2022-04-12T12:44:02 IST" time="193.759" errors="0">
  <testcase name="testApplyRest" time="78.253" classname="upgrade.automation.ApplyReset"/>
  <testcase name="testAddCredentials" time="6.333" classname="upgrade.automation.AddCredentials"/>
  <testcase name="testUpgradeToFrom" time="109.135" classname="upgrade.automation.UpgradeToFrom"/>
</testsuite> <!-- Test2.1.4 -->
